E:\图像处理\PROJECT\车牌识别\车牌定位\1\DEBUG\1.EXE.EMBED.MANIFEST
E:\图像处理\PROJECT\车牌识别\车牌定位\1\DEBUG\1.EXE.EMBED.MANIFEST.RES
E:\图像处理\PROJECT\车牌识别\车牌定位\1\DEBUG\1.EXE.INTERMEDIATE.MANIFEST
E:\图像处理\project\车牌识别\车牌定位\1\Debug\1_manifest.rc
E:\图像处理\project\车牌识别\车牌定位\1\Debug\cl.command.1.tlog
E:\图像处理\project\车牌识别\车牌定位\1\Debug\CL.read.1.tlog
E:\图像处理\project\车牌识别\车牌定位\1\Debug\CL.write.1.tlog
E:\图像处理\PROJECT\车牌识别\车牌定位\1\DEBUG\COMMON.OBJ
E:\图像处理\project\车牌识别\车牌定位\1\Debug\link.3364.read.1.tlog
E:\图像处理\project\车牌识别\车牌定位\1\Debug\link.3364.write.1.tlog
E:\图像处理\project\车牌识别\车牌定位\1\Debug\link.3364-cvtres.read.1.tlog
E:\图像处理\project\车牌识别\车牌定位\1\Debug\link.3364-cvtres.write.1.tlog
E:\图像处理\project\车牌识别\车牌定位\1\Debug\link.command.1.tlog
E:\图像处理\project\车牌识别\车牌定位\1\Debug\link.read.1.tlog
E:\图像处理\project\车牌识别\车牌定位\1\Debug\link.write.1.tlog
E:\图像处理\project\车牌识别\车牌定位\1\Debug\link-cvtres.read.1.tlog
E:\图像处理\project\车牌识别\车牌定位\1\Debug\link-cvtres.write.1.tlog
E:\图像处理\PROJECT\车牌识别\车牌定位\1\DEBUG\MAIN.OBJ
E:\图像处理\project\车牌识别\车牌定位\1\Debug\mt.command.1.tlog
E:\图像处理\project\车牌识别\车牌定位\1\Debug\mt.read.1.tlog
E:\图像处理\project\车牌识别\车牌定位\1\Debug\mt.write.1.tlog
E:\图像处理\project\车牌识别\车牌定位\1\Debug\rc.command.1.tlog
E:\图像处理\project\车牌识别\车牌定位\1\Debug\rc.read.1.tlog
E:\图像处理\project\车牌识别\车牌定位\1\Debug\rc.write.1.tlog
E:\图像处理\project\车牌识别\车牌定位\1\Debug\vc100.idb
E:\图像处理\PROJECT\车牌识别\车牌定位\1\DEBUG\VC100.PDB
E:\图像处理\PROJECT\车牌识别\车牌定位\DEBUG\1.EXE
E:\图像处理\PROJECT\车牌识别\车牌定位\DEBUG\1.ILK
E:\图像处理\PROJECT\车牌识别\车牌定位\DEBUG\1.PDB
