生成启动时间为 2019/4/7 12:59:46。
     1>项目“E:\图像处理\project\车牌识别\车牌定位\1\1.vcxproj”在节点 2 上(rebuild 个目标)。
     1>_PrepareForClean:
         正在删除文件“Debug\1.lastbuildstate”。
       InitializeBuildStatus:
         正在创建“Debug\1.unsuccessfulbuild”，因为已指定“AlwaysCreate”。
       ClCompile:
         D:\Ruan Jian\VS2010\VC\bin\CL.exe /c /ZI /nologo /W3 /WX- /Od /Oy- /D WIN32 /D _DEBUG /D _CONSOLE /D _UNICODE /D UNICODE /Gm /EHsc /RTC1 /MDd /GS /fp:precise /Zc:wchar_t /Zc:forScope /Fo"Debug\\" /Fd"Debug\vc100.pdb" /Gd /TP /analyze- /errorReport:prompt main.cpp common.cpp
         common.cpp
         main.cpp
     1>e:\图像处理\project\车牌识别\车牌定位\1\main.cpp(209): warning C4018: “<”: 有符号/无符号不匹配
     1>e:\图像处理\project\车牌识别\车牌定位\1\main.cpp(224): warning C4018: “<”: 有符号/无符号不匹配
         正在生成代码...
       ManifestResourceCompile:
         C:\Program Files\Microsoft SDKs\Windows\v7.0A\bin\rc.exe /nologo /fo"Debug\1.exe.embed.manifest.res" Debug\1_manifest.rc 
       Link:
         D:\Ruan Jian\VS2010\VC\bin\link.exe /ERRORREPORT:PROMPT /OUT:"E:\图像处理\project\车牌识别\车牌定位\Debug\1.exe" /INCREMENTAL /NOLOGO opencv_calib3d249d.lib opencv_contrib249d.lib opencv_core249d.lib opencv_features2d249d.lib opencv_flann249d.lib opencv_gpu249d.lib opencv_highgui249d.lib opencv_imgproc249d.lib opencv_legacy249d.lib opencv_objdetect249d.lib opencv_ts249d.lib opencv_video249d.lib opencv_nonfree249d.lib opencv_ocl249d.lib opencv_photo249d.lib opencv_stitching249d.lib opencv_superres249d.lib opencv_videostab249d.lib /MANIFEST /ManifestFile:"Debug\1.exe.intermediate.manifest" /MANIFESTUAC:"level='asInvoker' uiAccess='false'" /DEBUG /PDB:"E:\图像处理\project\车牌识别\车牌定位\Debug\1.pdb" /SUBSYSTEM:CONSOLE /TLBID:1 /DYNAMICBASE /NXCOMPAT /IMPLIB:"E:\图像处理\project\车牌识别\车牌定位\Debug\1.lib" /MACHINE:X86 Debug\1.exe.embed.manifest.res
         Debug\main.obj
         Debug\common.obj
       Manifest:
         正在删除文件“Debug\1.exe.embed.manifest”。
         C:\Program Files\Microsoft SDKs\Windows\v7.0A\bin\mt.exe /nologo /verbose /out:"Debug\1.exe.embed.manifest" /manifest Debug\1.exe.intermediate.manifest
         C:\Program Files\Microsoft SDKs\Windows\v7.0A\bin\rc.exe /nologo /fo"Debug\1.exe.embed.manifest.res" Debug\1_manifest.rc 
       LinkEmbedManifest:
         D:\Ruan Jian\VS2010\VC\bin\link.exe /ERRORREPORT:PROMPT /OUT:"E:\图像处理\project\车牌识别\车牌定位\Debug\1.exe" /INCREMENTAL /NOLOGO opencv_calib3d249d.lib opencv_contrib249d.lib opencv_core249d.lib opencv_features2d249d.lib opencv_flann249d.lib opencv_gpu249d.lib opencv_highgui249d.lib opencv_imgproc249d.lib opencv_legacy249d.lib opencv_objdetect249d.lib opencv_ts249d.lib opencv_video249d.lib opencv_nonfree249d.lib opencv_ocl249d.lib opencv_photo249d.lib opencv_stitching249d.lib opencv_superres249d.lib opencv_videostab249d.lib /MANIFEST /ManifestFile:"Debug\1.exe.intermediate.manifest" /MANIFESTUAC:"level='asInvoker' uiAccess='false'" /DEBUG /PDB:"E:\图像处理\project\车牌识别\车牌定位\Debug\1.pdb" /SUBSYSTEM:CONSOLE /TLBID:1 /DYNAMICBASE /NXCOMPAT /IMPLIB:"E:\图像处理\project\车牌识别\车牌定位\Debug\1.lib" /MACHINE:X86 Debug\1.exe.embed.manifest.res
         Debug\main.obj
         Debug\common.obj
         1.vcxproj -> E:\图像处理\project\车牌识别\车牌定位\Debug\1.exe
       FinalizeBuildStatus:
         正在删除文件“Debug\1.unsuccessfulbuild”。
         正在对“Debug\1.lastbuildstate”执行 Touch 任务。
     1>已完成生成项目“E:\图像处理\project\车牌识别\车牌定位\1\1.vcxproj”(rebuild 个目标)的操作。

生成成功。

已用时间 00:00:03.38
